{"contracts/FundMe.sol":{"l":{"31":0,"32":0,"38":0,"43":0,"44":0,"48":0,"49":0,"52":0,"54":0,"57":0,"62":0,"66":0,"71":0,"76":0},"path":"/home/rahul/Documents/Blockchain/Learning/hardhat-fund-me3/contracts/FundMe.sol","s":{"1":0,"2":0,"3":0,"4":0,"5":0,"6":0,"7":0},"b":{"1":[0,0],"2":[0,0],"3":[0,0],"4":[0,0]},"f":{"1":0,"2":0,"3":0,"4":0,"5":0},"fnMap":{"1":{"name":"constructor","line":29,"loc":{"start":{"line":29,"column":4},"end":{"line":33,"column":4}}},"2":{"name":"fund","line":35,"loc":{"start":{"line":35,"column":4},"end":{"line":45,"column":4}}},"3":{"name":"withdraw","line":47,"loc":{"start":{"line":47,"column":4},"end":{"line":58,"column":4}}},"4":{"name":"onlyOwner","line":60,"loc":{"start":{"line":60,"column":4},"end":{"line":67,"column":4}}},"5":{"name":null,"line":74,"loc":{"start":{"line":74,"column":4},"end":{"line":77,"column":4}}}},"statementMap":{"1":{"start":{"line":38,"column":8},"end":{"line":38,"column":1482}},"2":{"start":{"line":43,"column":8},"end":{"line":43,"column":36}},"3":{"start":{"line":48,"column":8},"end":{"line":48,"column":1948}},"4":{"start":{"line":54,"column":8},"end":{"line":54,"column":2108}},"5":{"start":{"line":57,"column":8},"end":{"line":57,"column":50}},"6":{"start":{"line":62,"column":8},"end":{"line":62,"column":64}},"7":{"start":{"line":76,"column":8},"end":{"line":76,"column":13}}},"branchMap":{"1":{"line":38,"type":"if","locations":[{"start":{"line":38,"column":8},"end":{"line":38,"column":8}},{"start":{"line":38,"column":8},"end":{"line":38,"column":8}}]},"2":{"line":47,"type":"if","locations":[{"start":{"line":47,"column":31},"end":{"line":47,"column":31}},{"start":{"line":47,"column":31},"end":{"line":47,"column":31}}]},"3":{"line":57,"type":"if","locations":[{"start":{"line":57,"column":8},"end":{"line":57,"column":8}},{"start":{"line":57,"column":8},"end":{"line":57,"column":8}}]},"4":{"line":62,"type":"if","locations":[{"start":{"line":62,"column":8},"end":{"line":62,"column":8}},{"start":{"line":62,"column":8},"end":{"line":62,"column":8}}]}}},"contracts/PriceConvertor.sol":{"l":{"9":0,"12":0,"13":0,"22":0,"23":0,"24":0},"path":"/home/rahul/Documents/Blockchain/Learning/hardhat-fund-me3/contracts/PriceConvertor.sol","s":{"1":0,"2":0,"3":0,"4":0,"5":0,"6":0},"b":{},"f":{"1":0,"2":0},"fnMap":{"1":{"name":"getPrice","line":8,"loc":{"start":{"line":8,"column":4},"end":{"line":14,"column":4}}},"2":{"name":"priceConvertor","line":17,"loc":{"start":{"line":17,"column":4},"end":{"line":25,"column":4}}}},"statementMap":{"1":{"start":{"line":9,"column":8},"end":{"line":9,"column":296}},"2":{"start":{"line":12,"column":8},"end":{"line":12,"column":60}},"3":{"start":{"line":13,"column":8},"end":{"line":13,"column":36}},"4":{"start":{"line":22,"column":8},"end":{"line":22,"column":51}},"5":{"start":{"line":23,"column":8},"end":{"line":23,"column":60}},"6":{"start":{"line":24,"column":8},"end":{"line":24,"column":29}}},"branchMap":{}},"contracts/test/MockV3Aggregator.sol":{"l":{},"path":"/home/rahul/Documents/Blockchain/Learning/hardhat-fund-me3/contracts/test/MockV3Aggregator.sol","s":{},"b":{},"f":{},"fnMap":{},"statementMap":{},"branchMap":{}}}