TN:
SF:/home/rahul/Documents/Blockchain/Learning/hardhat-fund-me3/contracts/FundMe.sol
FN:29,constructor
FN:35,fund
FN:47,withdraw
FN:60,onlyOwner
FN:74,
FNF:5
FNH:0
FNDA:0,constructor
FNDA:0,fund
FNDA:0,withdraw
FNDA:0,onlyOwner
FNDA:0,
DA:31,0
DA:32,0
DA:38,0
DA:43,0
DA:44,0
DA:48,0
DA:49,0
DA:52,0
DA:54,0
DA:57,0
DA:62,0
DA:66,0
DA:71,0
DA:76,0
LF:14
LH:0
BRDA:38,1,0,0
BRDA:38,1,1,0
BRDA:47,2,0,0
BRDA:47,2,1,0
BRDA:57,3,0,0
BRDA:57,3,1,0
BRDA:62,4,0,0
BRDA:62,4,1,0
BRF:8
BRH:0
end_of_record
TN:
SF:/home/rahul/Documents/Blockchain/Learning/hardhat-fund-me3/contracts/PriceConvertor.sol
FN:8,getPrice
FN:17,priceConvertor
FNF:2
FNH:0
FNDA:0,getPrice
FNDA:0,priceConvertor
DA:9,0
DA:12,0
DA:13,0
DA:22,0
DA:23,0
DA:24,0
LF:6
LH:0
BRF:0
BRH:0
end_of_record
TN:
SF:/home/rahul/Documents/Blockchain/Learning/hardhat-fund-me3/contracts/test/MockV3Aggregator.sol
FNF:0
FNH:0
LF:0
LH:0
BRF:0
BRH:0
end_of_record
